# Logfile created on 2014-05-29 16:49:18 -0500 by logger.rb/44203
I, [2014-05-29T16:49:18.772382 #10538]  INFO -- : 0:  rake (10.1.1) from /home/joel/.rvm/gems/ruby-2.1.0@erp/specifications/rake-10.1.1.gemspec
I, [2014-05-29T16:49:21.374341 #10538]  INFO -- : 0:  i18n (0.6.9) from /home/joel/.rvm/gems/ruby-2.1.0@erp/specifications/i18n-0.6.9.gemspec
I, [2014-05-29T16:49:21.375055 #10538]  INFO -- : 0:  minitest (4.7.5) from /home/joel/.rvm/rubies/ruby-2.1.0/lib/ruby/gems/2.1.0/specifications/default/minitest-4.7.5.gemspec
I, [2014-05-29T16:49:23.629685 #10538]  INFO -- : 0:  multi_json (1.8.4) from /home/joel/.rvm/gems/ruby-2.1.0@erp/specifications/multi_json-1.8.4.gemspec
I, [2014-05-29T16:49:26.588104 #10538]  INFO -- : 0:  atomic (1.1.14) from /home/joel/.rvm/gems/ruby-2.1.0@erp/specifications/atomic-1.1.14.gemspec
I, [2014-05-29T16:49:29.532169 #10538]  INFO -- : 0:  thread_safe (0.1.3) from /home/joel/.rvm/gems/ruby-2.1.0@erp/specifications/thread_safe-0.1.3.gemspec
I, [2014-05-29T16:49:32.999545 #10538]  INFO -- : 0:  tzinfo (0.3.38) from /home/joel/.rvm/gems/ruby-2.1.0@erp/specifications/tzinfo-0.3.38.gemspec
I, [2014-05-29T16:49:36.330257 #10538]  INFO -- : 0:  activesupport (4.0.3) from /home/joel/.rvm/gems/ruby-2.1.0@erp/specifications/activesupport-4.0.3.gemspec
I, [2014-05-29T16:49:36.331425 #10538]  INFO -- : 0:  builder (3.1.4) from /home/joel/.rvm/gems/ruby-2.1.0@erp/specifications/builder-3.1.4.gemspec
I, [2014-05-29T16:49:36.332334 #10538]  INFO -- : 0:  erubis (2.7.0) from /home/joel/.rvm/gems/ruby-2.1.0@erp/specifications/erubis-2.7.0.gemspec
I, [2014-05-29T16:49:36.333257 #10538]  INFO -- : 0:  rack (1.5.2) from /home/joel/.rvm/gems/ruby-2.1.0@erp/specifications/rack-1.5.2.gemspec
I, [2014-05-29T16:49:36.334375 #10538]  INFO -- : 0:  rack-test (0.6.2) from /home/joel/.rvm/gems/ruby-2.1.0@erp/specifications/rack-test-0.6.2.gemspec
I, [2014-05-29T16:49:39.723487 #10538]  INFO -- : 0:  actionpack (4.0.3) from /home/joel/.rvm/gems/ruby-2.1.0@erp/specifications/actionpack-4.0.3.gemspec
I, [2014-05-29T16:49:42.008033 #10538]  INFO -- : 0:  mime-types (1.25.1) from /home/joel/.rvm/gems/ruby-2.1.0@erp/specifications/mime-types-1.25.1.gemspec
I, [2014-05-29T16:49:43.885496 #10538]  INFO -- : 0:  polyglot (0.3.4) from /home/joel/.rvm/gems/ruby-2.1.0@erp/specifications/polyglot-0.3.4.gemspec
I, [2014-05-29T16:49:46.567154 #10538]  INFO -- : 0:  treetop (1.4.15) from /home/joel/.rvm/gems/ruby-2.1.0@erp/specifications/treetop-1.4.15.gemspec
I, [2014-05-29T16:49:46.568305 #10538]  INFO -- : 0:  mail (2.5.4) from /home/joel/.rvm/gems/ruby-2.1.0@erp/specifications/mail-2.5.4.gemspec
I, [2014-05-29T16:49:48.768308 #10538]  INFO -- : 0:  actionmailer (4.0.3) from /home/joel/.rvm/gems/ruby-2.1.0@erp/specifications/actionmailer-4.0.3.gemspec
I, [2014-05-29T16:49:51.220973 #10538]  INFO -- : 0:  activemodel (4.0.3) from /home/joel/.rvm/gems/ruby-2.1.0@erp/specifications/activemodel-4.0.3.gemspec
I, [2014-05-29T16:49:51.222189 #10538]  INFO -- : 0:  activerecord-deprecated_finders (1.0.3) from /home/joel/.rvm/gems/ruby-2.1.0@erp/specifications/activerecord-deprecated_finders-1.0.3.gemspec
I, [2014-05-29T16:49:53.400255 #10538]  INFO -- : 0:  arel (4.0.2) from /home/joel/.rvm/gems/ruby-2.1.0@erp/specifications/arel-4.0.2.gemspec
I, [2014-05-29T16:49:56.621493 #10538]  INFO -- : 0:  activerecord (4.0.3) from /home/joel/.rvm/gems/ruby-2.1.0@erp/specifications/activerecord-4.0.3.gemspec
I, [2014-05-29T16:50:01.146209 #10538]  INFO -- : 0:  bcrypt (3.1.7) from /home/joel/.rvm/gems/ruby-2.1.0@erp/specifications/bcrypt-3.1.7.gemspec
I, [2014-05-29T16:50:02.921846 #10538]  INFO -- : 0:  bcrypt-ruby (3.1.5) from /home/joel/.rvm/gems/ruby-2.1.0@erp/specifications/bcrypt-ruby-3.1.5.gemspec
I, [2014-05-29T16:50:05.454001 #10538]  INFO -- : 0:  cancan (1.6.10) from /home/joel/.rvm/gems/ruby-2.1.0@erp/specifications/cancan-1.6.10.gemspec
I, [2014-05-29T16:50:05.455186 #10538]  INFO -- : 0:  climate_control (0.0.3) from /home/joel/.rvm/gems/ruby-2.1.0@erp/specifications/climate_control-0.0.3.gemspec
I, [2014-05-29T16:50:05.456131 #10538]  INFO -- : 0:  cocaine (0.5.3) from /home/joel/.rvm/gems/ruby-2.1.0@erp/specifications/cocaine-0.5.3.gemspec
I, [2014-05-29T16:50:07.872981 #10538]  INFO -- : 0:  coffee-script-source (1.7.0) from /home/joel/.rvm/gems/ruby-2.1.0@erp/specifications/coffee-script-source-1.7.0.gemspec
I, [2014-05-29T16:50:10.152987 #10538]  INFO -- : 0:  execjs (2.0.2) from /home/joel/.rvm/gems/ruby-2.1.0@erp/specifications/execjs-2.0.2.gemspec
I, [2014-05-29T16:50:10.153852 #10538]  INFO -- : 0:  coffee-script (2.2.0) from /home/joel/.rvm/gems/ruby-2.1.0@erp/specifications/coffee-script-2.2.0.gemspec
I, [2014-05-29T16:50:10.154435 #10538]  INFO -- : 0:  thor (0.18.1) from /home/joel/.rvm/gems/ruby-2.1.0@erp/specifications/thor-0.18.1.gemspec
I, [2014-05-29T16:50:13.067944 #10538]  INFO -- : 0:  railties (4.0.3) from /home/joel/.rvm/gems/ruby-2.1.0@erp/specifications/railties-4.0.3.gemspec
I, [2014-05-29T16:50:15.055365 #10538]  INFO -- : 0:  coffee-rails (4.0.1) from /home/joel/.rvm/gems/ruby-2.1.0@erp/specifications/coffee-rails-4.0.1.gemspec
I, [2014-05-29T16:50:17.090337 #10538]  INFO -- : 0:  commonjs (0.2.7) from /home/joel/.rvm/gems/ruby-2.1.0@erp/specifications/commonjs-0.2.7.gemspec
I, [2014-05-29T16:50:24.618204 #10538]  INFO -- : 0:  orm_adapter (0.5.0) from /home/joel/.rvm/gems/ruby-2.1.0@erp/specifications/orm_adapter-0.5.0.gemspec
I, [2014-05-29T16:50:24.620066 #10538]  INFO -- : 0:  warden (1.2.3) from /home/joel/.rvm/gems/ruby-2.1.0@erp/specifications/warden-1.2.3.gemspec
I, [2014-05-29T16:50:27.976620 #10538]  INFO -- : 0:  devise (3.2.3) from /home/joel/.rvm/gems/ruby-2.1.0@erp/specifications/devise-3.2.3.gemspec
I, [2014-05-29T16:50:27.977861 #10538]  INFO -- : 0:  tilt (1.4.1) from /home/joel/.rvm/gems/ruby-2.1.0@erp/specifications/tilt-1.4.1.gemspec
I, [2014-05-29T16:50:30.974982 #10538]  INFO -- : 0:  haml (4.0.5) from /home/joel/.rvm/gems/ruby-2.1.0@erp/specifications/haml-4.0.5.gemspec
I, [2014-05-29T16:50:44.480696 #10538]  INFO -- : 0:  hpricot (0.8.6) from /home/joel/.rvm/gems/ruby-2.1.0@erp/specifications/hpricot-0.8.6.gemspec
I, [2014-05-29T16:50:47.000762 #10538]  INFO -- : 0:  sexp_processor (4.4.1) from /home/joel/.rvm/gems/ruby-2.1.0@erp/specifications/sexp_processor-4.4.1.gemspec
I, [2014-05-29T16:50:50.264140 #10538]  INFO -- : 0:  ruby_parser (3.1.3) from /home/joel/.rvm/gems/ruby-2.1.0@erp/specifications/ruby_parser-3.1.3.gemspec
I, [2014-05-29T16:50:52.698168 #10538]  INFO -- : 0:  html2haml (1.0.1) from /home/joel/.rvm/gems/ruby-2.1.0@erp/specifications/html2haml-1.0.1.gemspec
I, [2014-05-29T16:50:54.773924 #10538]  INFO -- : 0:  erb2haml (0.1.5) from /home/joel/.rvm/gems/ruby-2.1.0@erp/specifications/erb2haml-0.1.5.gemspec
I, [2014-05-29T16:50:57.140109 #10538]  INFO -- : 0:  haml-rails (0.5.3) from /home/joel/.rvm/gems/ruby-2.1.0@erp/specifications/haml-rails-0.5.3.gemspec
I, [2014-05-29T16:50:57.140776 #10538]  INFO -- : 0:  hike (1.2.3) from /home/joel/.rvm/gems/ruby-2.1.0@erp/specifications/hike-1.2.3.gemspec
I, [2014-05-29T16:50:59.304797 #10538]  INFO -- : 0:  jbuilder (1.5.3) from /home/joel/.rvm/gems/ruby-2.1.0@erp/specifications/jbuilder-1.5.3.gemspec
I, [2014-05-29T16:51:01.740701 #10538]  INFO -- : 0:  jquery-fileupload-rails (0.4.1) from /home/joel/.rvm/gems/ruby-2.1.0@erp/specifications/jquery-fileupload-rails-0.4.1.gemspec
I, [2014-05-29T16:51:04.952158 #10538]  INFO -- : 0:  jquery-rails (3.1.0) from /home/joel/.rvm/gems/ruby-2.1.0@erp/specifications/jquery-rails-3.1.0.gemspec
I, [2014-05-29T16:51:04.953274 #10538]  INFO -- : 0:  json (1.8.1) from /home/joel/.rvm/rubies/ruby-2.1.0/lib/ruby/gems/2.1.0/specifications/default/json-1.8.1.gemspec
I, [2014-05-29T16:51:09.674193 #10538]  INFO -- : 0:  less (2.4.0) from /home/joel/.rvm/gems/ruby-2.1.0@erp/specifications/less-2.4.0.gemspec
I, [2014-05-29T16:51:12.010811 #10538]  INFO -- : 0:  less-rails (2.4.2) from /home/joel/.rvm/gems/ruby-2.1.0@erp/specifications/less-rails-2.4.2.gemspec
I, [2014-05-29T16:57:09.952821 #10538]  INFO -- : 0:  libv8 (3.16.14.3) from /home/joel/.rvm/gems/ruby-2.1.0@erp/specifications/libv8-3.16.14.3.gemspec
I, [2014-05-29T16:57:12.290587 #10538]  INFO -- : 0:  mini_portile (0.5.2) from /home/joel/.rvm/gems/ruby-2.1.0@erp/specifications/mini_portile-0.5.2.gemspec
I, [2014-05-29T16:57:19.317033 #10538]  INFO -- : 0:  mysql2 (0.3.15) from /home/joel/.rvm/gems/ruby-2.1.0@erp/specifications/mysql2-0.3.15.gemspec
I, [2014-05-29T16:57:24.208384 #10538]  INFO -- : 0:  nested_form (0.3.2) from /home/joel/.rvm/gems/ruby-2.1.0@erp/specifications/nested_form-0.3.2.gemspec
I, [2014-05-29T17:00:02.281521 #10538]  INFO -- : 0:  nokogiri (1.6.1) from /home/joel/.rvm/gems/ruby-2.1.0@erp/specifications/nokogiri-1.6.1.gemspec
I, [2014-05-29T17:00:02.475313 #10538]  INFO -- : 0:  number_to_words (1.2.1) from /home/joel/.rvm/gems/ruby-2.1.0@erp/bundler/gems/number_to_words-605b803a4b00/number_to_words.gemspec
I, [2014-05-29T17:00:06.005840 #10538]  INFO -- : 0:  paperclip (4.1.1) from /home/joel/.rvm/gems/ruby-2.1.0@erp/specifications/paperclip-4.1.1.gemspec
I, [2014-05-29T17:00:08.394722 #10538]  INFO -- : 0:  pdf-core (0.1.6) from /home/joel/.rvm/gems/ruby-2.1.0@erp/specifications/pdf-core-0.1.6.gemspec
I, [2014-05-29T17:00:10.459747 #10538]  INFO -- : 0:  polyamorous (0.6.4) from /home/joel/.rvm/gems/ruby-2.1.0@erp/specifications/polyamorous-0.6.4.gemspec
I, [2014-05-29T17:00:14.111013 #10538]  INFO -- : 0:  ttfunk (1.1.1) from /home/joel/.rvm/gems/ruby-2.1.0@erp/specifications/ttfunk-1.1.1.gemspec
I, [2014-05-29T17:00:18.601519 #10538]  INFO -- : 0:  prawn (0.15.0) from /home/joel/.rvm/gems/ruby-2.1.0@erp/specifications/prawn-0.15.0.gemspec
I, [2014-05-29T17:00:18.602650 #10538]  INFO -- : 0:  bundler (1.5.1) from /home/joel/.rvm/gems/ruby-2.1.0@global/specifications/bundler-1.5.1.gemspec
I, [2014-05-29T17:00:21.167111 #10538]  INFO -- : 0:  sprockets (2.11.0) from /home/joel/.rvm/gems/ruby-2.1.0@erp/specifications/sprockets-2.11.0.gemspec
I, [2014-05-29T17:00:23.274912 #10538]  INFO -- : 0:  sprockets-rails (2.0.1) from /home/joel/.rvm/gems/ruby-2.1.0@erp/specifications/sprockets-rails-2.0.1.gemspec
I, [2014-05-29T17:00:28.822794 #10538]  INFO -- : 0:  rails (4.0.3) from /home/joel/.rvm/gems/ruby-2.1.0@erp/specifications/rails-4.0.3.gemspec
I, [2014-05-29T17:00:28.823797 #10538]  INFO -- : 0:  prawnto_2 (0.2.6) from /home/joel/.rvm/gems/ruby-2.1.0@erp/specifications/prawnto_2-0.2.6.gemspec
I, [2014-05-29T17:00:33.607324 #10538]  INFO -- : 0:  rdoc (4.1.1) from /home/joel/.rvm/gems/ruby-2.1.0@erp/specifications/rdoc-4.1.1.gemspec
I, [2014-05-29T17:00:33.608397 #10538]  INFO -- : 0:  ref (1.0.5) from /home/joel/.rvm/gems/ruby-2.1.0@erp/specifications/ref-1.0.5.gemspec
I, [2014-05-29T17:00:35.776572 #10538]  INFO -- : 0:  role_model (0.8.1) from /home/joel/.rvm/gems/ruby-2.1.0@erp/specifications/role_model-0.8.1.gemspec
I, [2014-05-29T17:00:35.777248 #10538]  INFO -- : 0:  rubyzip (1.1.0) from /home/joel/.rvm/gems/ruby-2.1.0@erp/specifications/rubyzip-1.1.0.gemspec
I, [2014-05-29T17:00:35.777771 #10538]  INFO -- : 0:  ruby-ole (1.2.11.7) from /home/joel/.rvm/gems/ruby-2.1.0@erp/specifications/ruby-ole-1.2.11.7.gemspec
I, [2014-05-29T17:00:44.746211 #10538]  INFO -- : 0:  spreadsheet (0.9.7) from /home/joel/.rvm/gems/ruby-2.1.0@erp/specifications/spreadsheet-0.9.7.gemspec
I, [2014-05-29T17:00:50.888353 #10538]  INFO -- : 0:  roo (1.13.2) from /home/joel/.rvm/gems/ruby-2.1.0@erp/specifications/roo-1.13.2.gemspec
I, [2014-05-29T17:00:54.934629 #10538]  INFO -- : 0:  sass (3.2.14) from /home/joel/.rvm/gems/ruby-2.1.0@erp/specifications/sass-3.2.14.gemspec
I, [2014-05-29T17:00:58.393356 #10538]  INFO -- : 0:  sass-rails (4.0.1) from /home/joel/.rvm/gems/ruby-2.1.0@erp/specifications/sass-rails-4.0.1.gemspec
I, [2014-05-29T17:01:02.459979 #10538]  INFO -- : 0:  sdoc (0.4.0) from /home/joel/.rvm/gems/ruby-2.1.0@erp/specifications/sdoc-0.4.0.gemspec
I, [2014-05-29T17:01:05.288047 #10538]  INFO -- : 0:  simple_form (3.0.1) from /home/joel/.rvm/gems/ruby-2.1.0@erp/specifications/simple_form-3.0.1.gemspec
I, [2014-05-29T17:01:13.861840 #10538]  INFO -- : 0:  sqlite3 (1.3.9) from /home/joel/.rvm/gems/ruby-2.1.0@erp/specifications/sqlite3-1.3.9.gemspec
I, [2014-05-29T17:01:17.800972 #10538]  INFO -- : 0:  squeel (1.1.1) from /home/joel/.rvm/gems/ruby-2.1.0@erp/specifications/squeel-1.1.1.gemspec
I, [2014-05-29T17:01:17.802177 #10538]  INFO -- : 0:  state_machine (1.2.0) from /home/joel/.rvm/gems/ruby-2.1.0@erp/specifications/state_machine-1.2.0.gemspec
I, [2014-05-29T17:01:37.229054 #10538]  INFO -- : 0:  therubyracer (0.12.1) from /home/joel/.rvm/gems/ruby-2.1.0@erp/specifications/therubyracer-0.12.1.gemspec
I, [2014-05-29T17:01:39.566128 #10538]  INFO -- : 0:  turbolinks (2.2.1) from /home/joel/.rvm/gems/ruby-2.1.0@erp/specifications/turbolinks-2.2.1.gemspec
I, [2014-05-29T17:01:44.197144 #10538]  INFO -- : 0:  twitter-bootstrap-rails (2.2.8) from /home/joel/.rvm/gems/ruby-2.1.0@erp/specifications/twitter-bootstrap-rails-2.2.8.gemspec
I, [2014-05-29T17:01:46.861561 #10538]  INFO -- : 0:  uglifier (2.4.0) from /home/joel/.rvm/gems/ruby-2.1.0@erp/specifications/uglifier-2.4.0.gemspec
I, [2014-06-04T12:21:51.094800 #6848]  INFO -- : 0:  rake (10.1.1) from /home/joel/.rvm/gems/ruby-2.1.0/specifications/rake-10.1.1.gemspec
I, [2014-06-04T12:21:51.111924 #6848]  INFO -- : 0:  i18n (0.6.9) from /home/joel/.rvm/gems/ruby-2.1.0/specifications/i18n-0.6.9.gemspec
I, [2014-06-04T12:21:51.112551 #6848]  INFO -- : 0:  minitest (4.7.5) from /home/joel/.rvm/rubies/ruby-2.1.0/lib/ruby/gems/2.1.0/specifications/default/minitest-4.7.5.gemspec
I, [2014-06-04T12:21:52.987350 #6848]  INFO -- : 0:  multi_json (1.8.4) from /home/joel/.rvm/gems/ruby-2.1.0/specifications/multi_json-1.8.4.gemspec
I, [2014-06-04T12:21:52.988263 #6848]  INFO -- : 0:  atomic (1.1.14) from /home/joel/.rvm/gems/ruby-2.1.0/specifications/atomic-1.1.14.gemspec
I, [2014-06-04T12:21:52.988973 #6848]  INFO -- : 0:  thread_safe (0.1.3) from /home/joel/.rvm/gems/ruby-2.1.0/specifications/thread_safe-0.1.3.gemspec
I, [2014-06-04T12:21:52.989907 #6848]  INFO -- : 0:  tzinfo (0.3.38) from /home/joel/.rvm/gems/ruby-2.1.0/specifications/tzinfo-0.3.38.gemspec
I, [2014-06-04T12:21:55.777470 #6848]  INFO -- : 0:  activesupport (4.0.3) from /home/joel/.rvm/gems/ruby-2.1.0/specifications/activesupport-4.0.3.gemspec
I, [2014-06-04T12:21:55.778184 #6848]  INFO -- : 0:  builder (3.1.4) from /home/joel/.rvm/gems/ruby-2.1.0/specifications/builder-3.1.4.gemspec
I, [2014-06-04T12:21:55.778851 #6848]  INFO -- : 0:  erubis (2.7.0) from /home/joel/.rvm/gems/ruby-2.1.0/specifications/erubis-2.7.0.gemspec
I, [2014-06-04T12:21:55.779778 #6848]  INFO -- : 0:  rack (1.5.2) from /home/joel/.rvm/gems/ruby-2.1.0/specifications/rack-1.5.2.gemspec
I, [2014-06-04T12:21:55.780627 #6848]  INFO -- : 0:  rack-test (0.6.2) from /home/joel/.rvm/gems/ruby-2.1.0/specifications/rack-test-0.6.2.gemspec
I, [2014-06-04T12:21:58.554919 #6848]  INFO -- : 0:  actionpack (4.0.3) from /home/joel/.rvm/gems/ruby-2.1.0/specifications/actionpack-4.0.3.gemspec
I, [2014-06-04T12:21:58.555668 #6848]  INFO -- : 0:  mime-types (1.25.1) from /home/joel/.rvm/gems/ruby-2.1.0/specifications/mime-types-1.25.1.gemspec
I, [2014-06-04T12:22:00.164602 #6848]  INFO -- : 0:  polyglot (0.3.4) from /home/joel/.rvm/gems/ruby-2.1.0/specifications/polyglot-0.3.4.gemspec
I, [2014-06-04T12:22:00.165332 #6848]  INFO -- : 0:  treetop (1.4.15) from /home/joel/.rvm/gems/ruby-2.1.0/specifications/treetop-1.4.15.gemspec
I, [2014-06-04T12:22:00.166004 #6848]  INFO -- : 0:  mail (2.5.4) from /home/joel/.rvm/gems/ruby-2.1.0/specifications/mail-2.5.4.gemspec
I, [2014-06-04T12:22:01.874994 #6848]  INFO -- : 0:  actionmailer (4.0.3) from /home/joel/.rvm/gems/ruby-2.1.0/specifications/actionmailer-4.0.3.gemspec
I, [2014-06-04T12:22:03.785890 #6848]  INFO -- : 0:  activemodel (4.0.3) from /home/joel/.rvm/gems/ruby-2.1.0/specifications/activemodel-4.0.3.gemspec
I, [2014-06-04T12:22:03.786675 #6848]  INFO -- : 0:  activerecord-deprecated_finders (1.0.3) from /home/joel/.rvm/gems/ruby-2.1.0/specifications/activerecord-deprecated_finders-1.0.3.gemspec
I, [2014-06-04T12:22:05.695968 #6848]  INFO -- : 0:  arel (4.0.2) from /home/joel/.rvm/gems/ruby-2.1.0/specifications/arel-4.0.2.gemspec
I, [2014-06-04T12:22:08.561545 #6848]  INFO -- : 0:  activerecord (4.0.3) from /home/joel/.rvm/gems/ruby-2.1.0/specifications/activerecord-4.0.3.gemspec
I, [2014-06-04T12:22:12.757485 #6848]  INFO -- : 0:  bcrypt (3.1.7) from /home/joel/.rvm/gems/ruby-2.1.0/specifications/bcrypt-3.1.7.gemspec
I, [2014-06-04T12:22:14.346824 #6848]  INFO -- : 0:  bcrypt-ruby (3.1.5) from /home/joel/.rvm/gems/ruby-2.1.0/specifications/bcrypt-ruby-3.1.5.gemspec
I, [2014-06-04T12:22:16.234425 #6848]  INFO -- : 0:  cancan (1.6.10) from /home/joel/.rvm/gems/ruby-2.1.0/specifications/cancan-1.6.10.gemspec
I, [2014-06-04T12:22:17.789048 #6848]  INFO -- : 0:  climate_control (0.0.3) from /home/joel/.rvm/gems/ruby-2.1.0/specifications/climate_control-0.0.3.gemspec
I, [2014-06-04T12:22:19.532331 #6848]  INFO -- : 0:  cocaine (0.5.3) from /home/joel/.rvm/gems/ruby-2.1.0/specifications/cocaine-0.5.3.gemspec
I, [2014-06-04T12:22:21.397206 #6848]  INFO -- : 0:  coffee-script-source (1.7.0) from /home/joel/.rvm/gems/ruby-2.1.0/specifications/coffee-script-source-1.7.0.gemspec
I, [2014-06-04T12:22:23.106795 #6848]  INFO -- : 0:  execjs (2.0.2) from /home/joel/.rvm/gems/ruby-2.1.0/specifications/execjs-2.0.2.gemspec
I, [2014-06-04T12:22:24.651494 #6848]  INFO -- : 0:  coffee-script (2.2.0) from /home/joel/.rvm/gems/ruby-2.1.0/specifications/coffee-script-2.2.0.gemspec
I, [2014-06-04T12:22:24.652540 #6848]  INFO -- : 0:  thor (0.18.1) from /home/joel/.rvm/gems/ruby-2.1.0/specifications/thor-0.18.1.gemspec
I, [2014-06-04T12:22:26.913568 #6848]  INFO -- : 0:  railties (4.0.3) from /home/joel/.rvm/gems/ruby-2.1.0/specifications/railties-4.0.3.gemspec
I, [2014-06-04T12:22:29.282927 #6848]  INFO -- : 0:  coffee-rails (4.0.1) from /home/joel/.rvm/gems/ruby-2.1.0/specifications/coffee-rails-4.0.1.gemspec
I, [2014-06-04T12:22:30.848780 #6848]  INFO -- : 0:  commonjs (0.2.7) from /home/joel/.rvm/gems/ruby-2.1.0/specifications/commonjs-0.2.7.gemspec
I, [2014-06-04T12:22:32.536772 #6848]  INFO -- : 0:  orm_adapter (0.5.0) from /home/joel/.rvm/gems/ruby-2.1.0/specifications/orm_adapter-0.5.0.gemspec
I, [2014-06-04T12:22:34.269263 #6848]  INFO -- : 0:  warden (1.2.3) from /home/joel/.rvm/gems/ruby-2.1.0/specifications/warden-1.2.3.gemspec
I, [2014-06-04T12:22:36.775158 #6848]  INFO -- : 0:  devise (3.2.3) from /home/joel/.rvm/gems/ruby-2.1.0/specifications/devise-3.2.3.gemspec
I, [2014-06-04T12:22:36.776240 #6848]  INFO -- : 0:  tilt (1.4.1) from /home/joel/.rvm/gems/ruby-2.1.0/specifications/tilt-1.4.1.gemspec
I, [2014-06-04T12:22:38.997997 #6848]  INFO -- : 0:  haml (4.0.5) from /home/joel/.rvm/gems/ruby-2.1.0/specifications/haml-4.0.5.gemspec
I, [2014-06-04T12:22:50.976071 #6848]  INFO -- : 0:  hpricot (0.8.6) from /home/joel/.rvm/gems/ruby-2.1.0/specifications/hpricot-0.8.6.gemspec
I, [2014-06-04T12:22:53.274146 #6848]  INFO -- : 0:  sexp_processor (4.4.1) from /home/joel/.rvm/gems/ruby-2.1.0/specifications/sexp_processor-4.4.1.gemspec
I, [2014-06-04T12:22:55.717285 #6848]  INFO -- : 0:  ruby_parser (3.1.3) from /home/joel/.rvm/gems/ruby-2.1.0/specifications/ruby_parser-3.1.3.gemspec
I, [2014-06-04T12:22:57.428407 #6848]  INFO -- : 0:  html2haml (1.0.1) from /home/joel/.rvm/gems/ruby-2.1.0/specifications/html2haml-1.0.1.gemspec
I, [2014-06-04T12:22:59.328427 #6848]  INFO -- : 0:  erb2haml (0.1.5) from /home/joel/.rvm/gems/ruby-2.1.0/specifications/erb2haml-0.1.5.gemspec
I, [2014-06-04T12:23:00.939158 #6848]  INFO -- : 0:  haml-rails (0.5.3) from /home/joel/.rvm/gems/ruby-2.1.0/specifications/haml-rails-0.5.3.gemspec
I, [2014-06-04T12:23:00.940010 #6848]  INFO -- : 0:  hike (1.2.3) from /home/joel/.rvm/gems/ruby-2.1.0/specifications/hike-1.2.3.gemspec
I, [2014-06-04T12:23:02.671327 #6848]  INFO -- : 0:  jbuilder (1.5.3) from /home/joel/.rvm/gems/ruby-2.1.0/specifications/jbuilder-1.5.3.gemspec
I, [2014-06-04T12:23:04.570815 #6848]  INFO -- : 0:  jquery-fileupload-rails (0.4.1) from /home/joel/.rvm/gems/ruby-2.1.0/specifications/jquery-fileupload-rails-0.4.1.gemspec
I, [2014-06-04T12:23:07.047995 #6848]  INFO -- : 0:  jquery-rails (3.1.0) from /home/joel/.rvm/gems/ruby-2.1.0/specifications/jquery-rails-3.1.0.gemspec
I, [2014-06-04T12:23:07.048865 #6848]  INFO -- : 0:  json (1.8.1) from /home/joel/.rvm/rubies/ruby-2.1.0/lib/ruby/gems/2.1.0/specifications/default/json-1.8.1.gemspec
I, [2014-06-04T12:23:11.537020 #6848]  INFO -- : 0:  less (2.4.0) from /home/joel/.rvm/gems/ruby-2.1.0/specifications/less-2.4.0.gemspec
I, [2014-06-04T12:23:13.949251 #6848]  INFO -- : 0:  less-rails (2.4.2) from /home/joel/.rvm/gems/ruby-2.1.0/specifications/less-rails-2.4.2.gemspec
I, [2014-06-04T12:28:56.376634 #6848]  INFO -- : 0:  libv8 (3.16.14.3) from /home/joel/.rvm/gems/ruby-2.1.0/specifications/libv8-3.16.14.3.gemspec
I, [2014-06-04T12:28:58.173614 #6848]  INFO -- : 0:  mini_portile (0.5.2) from /home/joel/.rvm/gems/ruby-2.1.0/specifications/mini_portile-0.5.2.gemspec
I, [2014-06-04T12:29:03.803594 #6848]  INFO -- : 0:  mysql2 (0.3.15) from /home/joel/.rvm/gems/ruby-2.1.0/specifications/mysql2-0.3.15.gemspec
I, [2014-06-04T12:29:06.883435 #6848]  INFO -- : 0:  nested_form (0.3.2) from /home/joel/.rvm/gems/ruby-2.1.0/specifications/nested_form-0.3.2.gemspec
I, [2014-06-04T12:31:42.471952 #6848]  INFO -- : 0:  nokogiri (1.6.1) from /home/joel/.rvm/gems/ruby-2.1.0/specifications/nokogiri-1.6.1.gemspec
I, [2014-06-04T12:31:42.523740 #6848]  INFO -- : 0:  number_to_words (1.2.1) from /home/joel/.rvm/gems/ruby-2.1.0/bundler/gems/number_to_words-605b803a4b00/number_to_words.gemspec
I, [2014-06-04T12:31:45.215876 #6848]  INFO -- : 0:  paperclip (4.1.1) from /home/joel/.rvm/gems/ruby-2.1.0/specifications/paperclip-4.1.1.gemspec
I, [2014-06-04T12:31:47.403139 #6848]  INFO -- : 0:  pdf-core (0.1.6) from /home/joel/.rvm/gems/ruby-2.1.0/specifications/pdf-core-0.1.6.gemspec
I, [2014-06-04T12:31:48.969330 #6848]  INFO -- : 0:  polyamorous (0.6.4) from /home/joel/.rvm/gems/ruby-2.1.0/specifications/polyamorous-0.6.4.gemspec
I, [2014-06-04T12:31:52.379311 #6848]  INFO -- : 0:  ttfunk (1.1.1) from /home/joel/.rvm/gems/ruby-2.1.0/specifications/ttfunk-1.1.1.gemspec
I, [2014-06-04T12:31:56.620037 #6848]  INFO -- : 0:  prawn (0.15.0) from /home/joel/.rvm/gems/ruby-2.1.0/specifications/prawn-0.15.0.gemspec
I, [2014-06-04T12:31:56.621018 #6848]  INFO -- : 0:  bundler (1.5.1) from /home/joel/.rvm/gems/ruby-2.1.0@global/specifications/bundler-1.5.1.gemspec
I, [2014-06-04T12:31:58.576996 #6848]  INFO -- : 0:  sprockets (2.11.0) from /home/joel/.rvm/gems/ruby-2.1.0/specifications/sprockets-2.11.0.gemspec
I, [2014-06-04T12:31:58.579032 #6848]  INFO -- : 0:  sprockets-rails (2.0.1) from /home/joel/.rvm/gems/ruby-2.1.0/specifications/sprockets-rails-2.0.1.gemspec
I, [2014-06-04T12:32:03.683824 #6848]  INFO -- : 0:  rails (4.0.3) from /home/joel/.rvm/gems/ruby-2.1.0/specifications/rails-4.0.3.gemspec
I, [2014-06-04T12:32:05.773819 #6848]  INFO -- : 0:  prawnto_2 (0.2.6) from /home/joel/.rvm/gems/ruby-2.1.0/specifications/prawnto_2-0.2.6.gemspec
I, [2014-06-04T12:32:09.308706 #6848]  INFO -- : 0:  rdoc (4.1.1) from /home/joel/.rvm/gems/ruby-2.1.0/specifications/rdoc-4.1.1.gemspec
I, [2014-06-04T12:32:11.052656 #6848]  INFO -- : 0:  ref (1.0.5) from /home/joel/.rvm/gems/ruby-2.1.0/specifications/ref-1.0.5.gemspec
I, [2014-06-04T12:32:12.585751 #6848]  INFO -- : 0:  role_model (0.8.1) from /home/joel/.rvm/gems/ruby-2.1.0/specifications/role_model-0.8.1.gemspec
I, [2014-06-04T12:32:14.452457 #6848]  INFO -- : 0:  rubyzip (1.1.0) from /home/joel/.rvm/gems/ruby-2.1.0/specifications/rubyzip-1.1.0.gemspec
I, [2014-06-04T12:32:16.472556 #6848]  INFO -- : 0:  ruby-ole (1.2.11.7) from /home/joel/.rvm/gems/ruby-2.1.0/specifications/ruby-ole-1.2.11.7.gemspec
I, [2014-06-04T12:32:24.307255 #6848]  INFO -- : 0:  spreadsheet (0.9.7) from /home/joel/.rvm/gems/ruby-2.1.0/specifications/spreadsheet-0.9.7.gemspec
I, [2014-06-04T12:32:28.930751 #6848]  INFO -- : 0:  roo (1.13.2) from /home/joel/.rvm/gems/ruby-2.1.0/specifications/roo-1.13.2.gemspec
I, [2014-06-04T12:32:31.786900 #6848]  INFO -- : 0:  sass (3.2.14) from /home/joel/.rvm/gems/ruby-2.1.0/specifications/sass-3.2.14.gemspec
I, [2014-06-04T12:32:34.629482 #6848]  INFO -- : 0:  sass-rails (4.0.1) from /home/joel/.rvm/gems/ruby-2.1.0/specifications/sass-rails-4.0.1.gemspec
I, [2014-06-04T12:32:37.460526 #6848]  INFO -- : 0:  sdoc (0.4.0) from /home/joel/.rvm/gems/ruby-2.1.0/specifications/sdoc-0.4.0.gemspec
I, [2014-06-04T12:32:39.463931 #6848]  INFO -- : 0:  simple_form (3.0.1) from /home/joel/.rvm/gems/ruby-2.1.0/specifications/simple_form-3.0.1.gemspec
I, [2014-06-04T12:32:45.792652 #6848]  INFO -- : 0:  sqlite3 (1.3.9) from /home/joel/.rvm/gems/ruby-2.1.0/specifications/sqlite3-1.3.9.gemspec
I, [2014-06-04T12:32:48.435461 #6848]  INFO -- : 0:  squeel (1.1.1) from /home/joel/.rvm/gems/ruby-2.1.0/specifications/squeel-1.1.1.gemspec
I, [2014-06-04T12:32:52.045749 #6848]  INFO -- : 0:  state_machine (1.2.0) from /home/joel/.rvm/gems/ruby-2.1.0/specifications/state_machine-1.2.0.gemspec
I, [2014-06-04T12:33:08.602324 #6848]  INFO -- : 0:  therubyracer (0.12.1) from /home/joel/.rvm/gems/ruby-2.1.0/specifications/therubyracer-0.12.1.gemspec
I, [2014-06-04T12:33:10.323391 #6848]  INFO -- : 0:  turbolinks (2.2.1) from /home/joel/.rvm/gems/ruby-2.1.0/specifications/turbolinks-2.2.1.gemspec
I, [2014-06-04T12:33:13.303222 #6848]  INFO -- : 0:  twitter-bootstrap-rails (2.2.8) from /home/joel/.rvm/gems/ruby-2.1.0/specifications/twitter-bootstrap-rails-2.2.8.gemspec
I, [2014-06-04T12:33:15.341741 #6848]  INFO -- : 0:  uglifier (2.4.0) from /home/joel/.rvm/gems/ruby-2.1.0/specifications/uglifier-2.4.0.gemspec
