# Logfile created on 2014-05-29 16:42:10 -0500 by logger.rb/44203
I, [2014-05-29T16:42:10.760411 #8837]  INFO -- : 0:  rake (10.1.0) from /home/joel/.rvm/rubies/ruby-2.1.0/lib/ruby/gems/2.1.0/specifications/default/rake-10.1.0.gemspec
I, [2014-05-29T16:42:13.031516 #8837]  INFO -- : 0:  Ascii85 (1.0.2) from /home/joel/.rvm/gems/ruby-2.1.0@erp/specifications/Ascii85-1.0.2.gemspec
I, [2014-05-29T16:42:15.687528 #8837]  INFO -- : 0:  i18n (0.6.4) from /home/joel/.rvm/gems/ruby-2.1.0@erp/specifications/i18n-0.6.4.gemspec
I, [2014-05-29T16:42:15.688199 #8837]  INFO -- : 0:  minitest (4.7.5) from /home/joel/.rvm/rubies/ruby-2.1.0/lib/ruby/gems/2.1.0/specifications/default/minitest-4.7.5.gemspec
I, [2014-05-29T16:42:17.885535 #8837]  INFO -- : 0:  multi_json (1.7.8) from /home/joel/.rvm/gems/ruby-2.1.0@erp/specifications/multi_json-1.7.8.gemspec
I, [2014-05-29T16:42:22.820548 #8837]  INFO -- : 0:  atomic (1.1.12) from /home/joel/.rvm/gems/ruby-2.1.0@erp/specifications/atomic-1.1.12.gemspec
I, [2014-05-29T16:42:25.395665 #8837]  INFO -- : 0:  thread_safe (0.1.2) from /home/joel/.rvm/gems/ruby-2.1.0@erp/specifications/thread_safe-0.1.2.gemspec
I, [2014-05-29T16:42:28.686580 #8837]  INFO -- : 0:  tzinfo (0.3.37) from /home/joel/.rvm/gems/ruby-2.1.0@erp/specifications/tzinfo-0.3.37.gemspec
I, [2014-05-29T16:42:31.788506 #8837]  INFO -- : 0:  activesupport (4.0.0) from /home/joel/.rvm/gems/ruby-2.1.0@erp/specifications/activesupport-4.0.0.gemspec
I, [2014-05-29T16:42:34.075083 #8837]  INFO -- : 0:  builder (3.1.4) from /home/joel/.rvm/gems/ruby-2.1.0@erp/specifications/builder-3.1.4.gemspec
I, [2014-05-29T16:42:38.542639 #8837]  INFO -- : 0:  erubis (2.7.0) from /home/joel/.rvm/gems/ruby-2.1.0@erp/specifications/erubis-2.7.0.gemspec
I, [2014-05-29T16:42:42.627460 #8837]  INFO -- : 0:  rack (1.5.2) from /home/joel/.rvm/gems/ruby-2.1.0@erp/specifications/rack-1.5.2.gemspec
I, [2014-05-29T16:42:44.758891 #8837]  INFO -- : 0:  rack-test (0.6.2) from /home/joel/.rvm/gems/ruby-2.1.0@erp/specifications/rack-test-0.6.2.gemspec
I, [2014-05-29T16:42:48.082344 #8837]  INFO -- : 0:  actionpack (4.0.0) from /home/joel/.rvm/gems/ruby-2.1.0@erp/specifications/actionpack-4.0.0.gemspec
I, [2014-05-29T16:42:50.349865 #8837]  INFO -- : 0:  mime-types (1.23) from /home/joel/.rvm/gems/ruby-2.1.0@erp/specifications/mime-types-1.23.gemspec
I, [2014-05-29T16:42:52.281430 #8837]  INFO -- : 0:  polyglot (0.3.3) from /home/joel/.rvm/gems/ruby-2.1.0@erp/specifications/polyglot-0.3.3.gemspec
I, [2014-05-29T16:42:55.224978 #8837]  INFO -- : 0:  treetop (1.4.14) from /home/joel/.rvm/gems/ruby-2.1.0@erp/specifications/treetop-1.4.14.gemspec
I, [2014-05-29T16:42:58.368743 #8837]  INFO -- : 0:  mail (2.5.4) from /home/joel/.rvm/gems/ruby-2.1.0@erp/specifications/mail-2.5.4.gemspec
I, [2014-05-29T16:43:01.534200 #8837]  INFO -- : 0:  actionmailer (4.0.0) from /home/joel/.rvm/gems/ruby-2.1.0@erp/specifications/actionmailer-4.0.0.gemspec
I, [2014-05-29T16:43:03.359969 #8837]  INFO -- : 0:  actionpack-action_caching (1.1.1) from /home/joel/.rvm/gems/ruby-2.1.0@erp/specifications/actionpack-action_caching-1.1.1.gemspec
I, [2014-05-29T16:43:05.624676 #8837]  INFO -- : 0:  activemodel (4.0.0) from /home/joel/.rvm/gems/ruby-2.1.0@erp/specifications/activemodel-4.0.0.gemspec
I, [2014-05-29T16:43:07.538969 #8837]  INFO -- : 0:  activerecord-deprecated_finders (1.0.3) from /home/joel/.rvm/gems/ruby-2.1.0@erp/specifications/activerecord-deprecated_finders-1.0.3.gemspec
I, [2014-05-29T16:43:09.648597 #8837]  INFO -- : 0:  arel (4.0.0) from /home/joel/.rvm/gems/ruby-2.1.0@erp/specifications/arel-4.0.0.gemspec
I, [2014-05-29T16:43:13.328202 #8837]  INFO -- : 0:  activerecord (4.0.0) from /home/joel/.rvm/gems/ruby-2.1.0@erp/specifications/activerecord-4.0.0.gemspec
I, [2014-05-29T16:43:15.749360 #8837]  INFO -- : 0:  activerecord-import (0.4.1) from /home/joel/.rvm/gems/ruby-2.1.0@erp/specifications/activerecord-import-0.4.1.gemspec
I, [2014-05-29T16:43:17.914140 #8837]  INFO -- : 0:  afm (0.2.0) from /home/joel/.rvm/gems/ruby-2.1.0@erp/specifications/afm-0.2.0.gemspec
I, [2014-05-29T16:43:20.158557 #8837]  INFO -- : 0:  gyoku (1.1.0) from /home/joel/.rvm/gems/ruby-2.1.0@erp/specifications/gyoku-1.1.0.gemspec
I, [2014-05-29T16:43:36.174863 #8837]  INFO -- : 0:  nokogiri (1.5.10) from /home/joel/.rvm/gems/ruby-2.1.0@erp/specifications/nokogiri-1.5.10.gemspec
I, [2014-05-29T16:43:38.062062 #8837]  INFO -- : 0:  akami (1.2.0) from /home/joel/.rvm/gems/ruby-2.1.0@erp/specifications/akami-1.2.0.gemspec
I, [2014-05-29T16:43:42.863945 #8837]  INFO -- : 0:  bcrypt-ruby (3.1.1) from /home/joel/.rvm/gems/ruby-2.1.0@erp/specifications/bcrypt-ruby-3.1.1.gemspec
I, [2014-05-29T16:43:42.865050 #8837]  INFO -- : 0:  bundler (1.5.1) from /home/joel/.rvm/gems/ruby-2.1.0@global/specifications/bundler-1.5.1.gemspec
I, [2014-05-29T16:43:44.684229 #8837]  INFO -- : 0:  climate_control (0.0.3) from /home/joel/.rvm/gems/ruby-2.1.0@erp/specifications/climate_control-0.0.3.gemspec
I, [2014-05-29T16:43:46.749074 #8837]  INFO -- : 0:  cocaine (0.5.3) from /home/joel/.rvm/gems/ruby-2.1.0@erp/specifications/cocaine-0.5.3.gemspec
I, [2014-05-29T16:43:49.137176 #8837]  INFO -- : 0:  coffee-script-source (1.6.3) from /home/joel/.rvm/gems/ruby-2.1.0@erp/specifications/coffee-script-source-1.6.3.gemspec
I, [2014-05-29T16:43:51.126537 #8837]  INFO -- : 0:  execjs (1.4.0) from /home/joel/.rvm/gems/ruby-2.1.0@erp/specifications/execjs-1.4.0.gemspec
I, [2014-05-29T16:43:53.047009 #8837]  INFO -- : 0:  coffee-script (2.2.0) from /home/joel/.rvm/gems/ruby-2.1.0@erp/specifications/coffee-script-2.2.0.gemspec
I, [2014-05-29T16:43:55.522857 #8837]  INFO -- : 0:  thor (0.18.1) from /home/joel/.rvm/gems/ruby-2.1.0@erp/specifications/thor-0.18.1.gemspec
I, [2014-05-29T16:43:58.895383 #8837]  INFO -- : 0:  railties (4.0.0) from /home/joel/.rvm/gems/ruby-2.1.0@erp/specifications/railties-4.0.0.gemspec
I, [2014-05-29T16:44:00.638441 #8837]  INFO -- : 0:  coffee-rails (4.0.0) from /home/joel/.rvm/gems/ruby-2.1.0@erp/specifications/coffee-rails-4.0.0.gemspec
I, [2014-05-29T16:44:02.442257 #8837]  INFO -- : 0:  commonjs (0.2.6) from /home/joel/.rvm/gems/ruby-2.1.0@erp/specifications/commonjs-0.2.6.gemspec
I, [2014-05-29T16:44:04.563719 #8837]  INFO -- : 0:  daemons (1.1.9) from /home/joel/.rvm/gems/ruby-2.1.0@erp/specifications/daemons-1.1.9.gemspec
I, [2014-05-29T16:44:06.384064 #8837]  INFO -- : 0:  deprecated (2.0.1) from /home/joel/.rvm/gems/ruby-2.1.0@erp/specifications/deprecated-2.0.1.gemspec
I, [2014-05-29T16:44:08.582627 #8837]  INFO -- : 0:  dbi (0.4.5) from /home/joel/.rvm/gems/ruby-2.1.0@erp/specifications/dbi-0.4.5.gemspec
I, [2014-05-29T16:44:10.901997 #8837]  INFO -- : 0:  dbd-odbc (0.2.5) from /home/joel/.rvm/gems/ruby-2.1.0@erp/specifications/dbd-odbc-0.2.5.gemspec
I, [2014-05-29T16:44:12.771729 #8837]  INFO -- : 0:  orm_adapter (0.4.0) from /home/joel/.rvm/gems/ruby-2.1.0@erp/specifications/orm_adapter-0.4.0.gemspec
I, [2014-05-29T16:44:14.903275 #8837]  INFO -- : 0:  warden (1.2.3) from /home/joel/.rvm/gems/ruby-2.1.0@erp/specifications/warden-1.2.3.gemspec
I, [2014-05-29T16:44:17.960069 #8837]  INFO -- : 0:  devise (3.0.0.rc) from /home/joel/.rvm/gems/ruby-2.1.0@erp/specifications/devise-3.0.0.rc.gemspec
I, [2014-05-29T16:44:32.801234 #8837]  INFO -- : 0:  eventmachine (1.0.3) from /home/joel/.rvm/gems/ruby-2.1.0@erp/specifications/eventmachine-1.0.3.gemspec
I, [2014-05-29T16:44:35.023295 #8837]  INFO -- : 0:  tilt (1.4.1) from /home/joel/.rvm/gems/ruby-2.1.0@erp/specifications/tilt-1.4.1.gemspec
I, [2014-05-29T16:44:37.722402 #8837]  INFO -- : 0:  haml (4.0.3) from /home/joel/.rvm/gems/ruby-2.1.0@erp/specifications/haml-4.0.3.gemspec
I, [2014-05-29T16:44:39.588651 #8837]  INFO -- : 0:  haml-rails (0.4) from /home/joel/.rvm/gems/ruby-2.1.0@erp/specifications/haml-rails-0.4.gemspec
I, [2014-05-29T16:44:41.886046 #8837]  INFO -- : 0:  hashery (2.1.1) from /home/joel/.rvm/gems/ruby-2.1.0@erp/specifications/hashery-2.1.1.gemspec
I, [2014-05-29T16:44:43.699100 #8837]  INFO -- : 0:  hike (1.2.3) from /home/joel/.rvm/gems/ruby-2.1.0@erp/specifications/hike-1.2.3.gemspec
I, [2014-05-29T16:44:46.498837 #8837]  INFO -- : 0:  httpclient (2.3.4.1) from /home/joel/.rvm/gems/ruby-2.1.0@erp/specifications/httpclient-2.3.4.1.gemspec
I, [2014-05-29T16:44:48.564821 #8837]  INFO -- : 0:  rubyntlm (0.3.4) from /home/joel/.rvm/gems/ruby-2.1.0@erp/specifications/rubyntlm-0.3.4.gemspec
I, [2014-05-29T16:44:50.840743 #8837]  INFO -- : 0:  httpi (2.1.0) from /home/joel/.rvm/gems/ruby-2.1.0@erp/specifications/httpi-2.1.0.gemspec
I, [2014-05-29T16:44:52.907996 #8837]  INFO -- : 0:  jbuilder (1.5.0) from /home/joel/.rvm/gems/ruby-2.1.0@erp/specifications/jbuilder-1.5.0.gemspec
I, [2014-05-29T16:44:55.851840 #8837]  INFO -- : 0:  jquery-rails (3.0.4) from /home/joel/.rvm/gems/ruby-2.1.0@erp/specifications/jquery-rails-3.0.4.gemspec
I, [2014-05-29T16:44:55.929042 #8837]  INFO -- : 0:  jquery-ui-rails (4.0.5) from vendor/plugins/jquery-ui-rails-4.0.5/jquery-ui-rails.gemspec
I, [2014-05-29T16:44:58.249937 #8837]  INFO -- : 0:  jquery-validation-rails (1.11.1) from /home/joel/.rvm/gems/ruby-2.1.0@erp/specifications/jquery-validation-rails-1.11.1.gemspec
I, [2014-05-29T16:45:02.558604 #8837]  INFO -- : 0:  json (1.8.0) from /home/joel/.rvm/gems/ruby-2.1.0@erp/specifications/json-1.8.0.gemspec
I, [2014-05-29T16:45:13.346679 #8837]  INFO -- : 0:  kgio (2.8.0) from /home/joel/.rvm/gems/ruby-2.1.0@erp/specifications/kgio-2.8.0.gemspec
I, [2014-05-29T16:45:17.591223 #8837]  INFO -- : 0:  less (2.3.2) from /home/joel/.rvm/gems/ruby-2.1.0@erp/specifications/less-2.3.2.gemspec
I, [2014-05-29T16:45:19.956268 #8837]  INFO -- : 0:  less-rails (2.3.3) from /home/joel/.rvm/gems/ruby-2.1.0@erp/specifications/less-rails-2.3.3.gemspec
I, [2014-05-29T16:45:26.642214 #8837]  INFO -- : 0:  libv8 (3.11.8.17) from /home/joel/.rvm/gems/ruby-2.1.0@erp/specifications/libv8-3.11.8.17-x86-linux.gemspec
I, [2014-05-29T16:45:32.159724 #8837]  INFO -- : 0:  mysql2 (0.3.13) from /home/joel/.rvm/gems/ruby-2.1.0@erp/specifications/mysql2-0.3.13.gemspec
I, [2014-05-29T16:45:34.262471 #8837]  INFO -- : 0:  nori (2.3.0) from /home/joel/.rvm/gems/ruby-2.1.0@erp/specifications/nori-2.3.0.gemspec
I, [2014-05-29T16:45:37.338076 #8837]  INFO -- : 0:  paperclip (3.5.2) from /home/joel/.rvm/gems/ruby-2.1.0@erp/specifications/paperclip-3.5.2.gemspec
I, [2014-05-29T16:45:39.236048 #8837]  INFO -- : 0:  ruby-rc4 (0.1.5) from /home/joel/.rvm/gems/ruby-2.1.0@erp/specifications/ruby-rc4-0.1.5.gemspec
I, [2014-05-29T16:45:42.721309 #8837]  INFO -- : 0:  ttfunk (1.0.3) from /home/joel/.rvm/gems/ruby-2.1.0@erp/specifications/ttfunk-1.0.3.gemspec
I, [2014-05-29T16:45:45.833478 #8837]  INFO -- : 0:  pdf-reader (1.3.3) from /home/joel/.rvm/gems/ruby-2.1.0@erp/specifications/pdf-reader-1.3.3.gemspec
I, [2014-05-29T16:45:52.893716 #8837]  INFO -- : 0:  prawn (0.12.0) from /home/joel/.rvm/gems/ruby-2.1.0@erp/specifications/prawn-0.12.0.gemspec
I, [2014-05-29T16:45:55.185135 #8837]  INFO -- : 0:  sprockets (2.10.0) from /home/joel/.rvm/gems/ruby-2.1.0@erp/specifications/sprockets-2.10.0.gemspec
I, [2014-05-29T16:45:57.194643 #8837]  INFO -- : 0:  sprockets-rails (2.0.0) from /home/joel/.rvm/gems/ruby-2.1.0@erp/specifications/sprockets-rails-2.0.0.gemspec
I, [2014-05-29T16:46:02.358731 #8837]  INFO -- : 0:  rails (4.0.0) from /home/joel/.rvm/gems/ruby-2.1.0@erp/specifications/rails-4.0.0.gemspec
I, [2014-05-29T16:46:05.383727 #8837]  INFO -- : 0:  prawnto_2 (0.2.6) from /home/joel/.rvm/gems/ruby-2.1.0@erp/specifications/prawnto_2-0.2.6.gemspec
I, [2014-05-29T16:46:07.294337 #8837]  INFO -- : 0:  quiet_assets (1.0.2) from /home/joel/.rvm/gems/ruby-2.1.0@erp/specifications/quiet_assets-1.0.2.gemspec
I, [2014-05-29T16:46:12.711176 #8837]  INFO -- : 0:  raindrops (0.11.0) from /home/joel/.rvm/gems/ruby-2.1.0@erp/specifications/raindrops-0.11.0.gemspec
I, [2014-05-29T16:46:15.646451 #8837]  INFO -- : 0:  raphael-rails (2.1.2) from /home/joel/.rvm/gems/ruby-2.1.0@erp/specifications/raphael-rails-2.1.2.gemspec
I, [2014-05-29T16:46:19.187621 #8837]  INFO -- : 0:  rdoc (3.12.2) from /home/joel/.rvm/gems/ruby-2.1.0@erp/specifications/rdoc-3.12.2.gemspec
I, [2014-05-29T16:46:21.552203 #8837]  INFO -- : 0:  ref (1.0.5) from /home/joel/.rvm/gems/ruby-2.1.0@erp/specifications/ref-1.0.5.gemspec
I, [2014-05-29T16:46:23.772073 #8837]  INFO -- : 0:  rubyzip (1.1.0) from /home/joel/.rvm/gems/ruby-2.1.0@erp/specifications/rubyzip-1.1.0.gemspec
I, [2014-05-29T16:46:26.207607 #8837]  INFO -- : 0:  ruby-ole (1.2.11.7) from /home/joel/.rvm/gems/ruby-2.1.0@erp/specifications/ruby-ole-1.2.11.7.gemspec
I, [2014-05-29T16:46:30.184154 #8837]  INFO -- : 0:  spreadsheet (0.9.6) from /home/joel/.rvm/gems/ruby-2.1.0@erp/specifications/spreadsheet-0.9.6.gemspec
I, [2014-05-29T16:46:35.528147 #8837]  INFO -- : 0:  roo (1.13.0) from /home/joel/.rvm/gems/ruby-2.1.0@erp/specifications/roo-1.13.0.gemspec
I, [2014-05-29T16:46:38.582822 #8837]  INFO -- : 0:  sass (3.2.10) from /home/joel/.rvm/gems/ruby-2.1.0@erp/specifications/sass-3.2.10.gemspec
I, [2014-05-29T16:46:41.179180 #8837]  INFO -- : 0:  sass-rails (4.0.0) from /home/joel/.rvm/gems/ruby-2.1.0@erp/specifications/sass-rails-4.0.0.gemspec
I, [2014-05-29T16:46:43.842559 #8837]  INFO -- : 0:  wasabi (3.2.0) from /home/joel/.rvm/gems/ruby-2.1.0@erp/specifications/wasabi-3.2.0.gemspec
I, [2014-05-29T16:46:46.927875 #8837]  INFO -- : 0:  savon (2.3.0) from /home/joel/.rvm/gems/ruby-2.1.0@erp/specifications/savon-2.3.0.gemspec
I, [2014-05-29T16:46:50.079224 #8837]  INFO -- : 0:  sdoc (0.3.20) from /home/joel/.rvm/gems/ruby-2.1.0@erp/specifications/sdoc-0.3.20.gemspec
I, [2014-05-29T16:46:52.569181 #8837]  INFO -- : 0:  simple_form (1.4.1) from /home/joel/.rvm/gems/ruby-2.1.0@erp/specifications/simple_form-1.4.1.gemspec
I, [2014-05-29T16:46:55.361903 #8837]  INFO -- : 0:  soap4r (1.5.8) from /home/joel/.rvm/gems/ruby-2.1.0@erp/specifications/soap4r-1.5.8.gemspec
I, [2014-05-29T16:46:58.717416 #8837]  INFO -- : 0:  state_machine (1.2.0) from /home/joel/.rvm/gems/ruby-2.1.0@erp/specifications/state_machine-1.2.0.gemspec
I, [2014-05-29T16:47:14.652495 #8837]  INFO -- : 0:  therubyracer (0.11.4) from /home/joel/.rvm/gems/ruby-2.1.0@erp/specifications/therubyracer-0.11.4.gemspec
I, [2014-05-29T16:47:18.431597 #8837]  INFO -- : 0:  thin (1.6.1) from /home/joel/.rvm/gems/ruby-2.1.0@erp/specifications/thin-1.6.1.gemspec
I, [2014-05-29T16:47:20.573922 #8837]  INFO -- : 0:  turbolinks (1.3.0) from /home/joel/.rvm/gems/ruby-2.1.0@erp/specifications/turbolinks-1.3.0.gemspec
I, [2014-05-29T16:47:20.588081 #8837]  INFO -- : 0:  twitter-bootstrap-rails (2.2.8) from vendor/plugins/twitter-bootstrap-rails-2.2.8/twitter-bootstrap-rails.gemspec
I, [2014-05-29T16:47:23.193835 #8837]  INFO -- : 0:  uglifier (2.1.2) from /home/joel/.rvm/gems/ruby-2.1.0@erp/specifications/uglifier-2.1.2.gemspec
I, [2014-05-29T16:47:31.323220 #8837]  INFO -- : 0:  unicorn (4.6.3) from /home/joel/.rvm/gems/ruby-2.1.0@erp/specifications/unicorn-4.6.3.gemspec
I, [2014-06-04T12:09:04.703893 #4700]  INFO -- : 0:  rake (10.1.0) from /home/joel/.rvm/gems/ruby-2.0.0-p353@erp/specifications/rake-10.1.0.gemspec
I, [2014-06-04T12:09:06.263731 #4700]  INFO -- : 0:  Ascii85 (1.0.2) from /home/joel/.rvm/gems/ruby-2.0.0-p353@erp/specifications/Ascii85-1.0.2.gemspec
I, [2014-06-04T12:09:08.995069 #4700]  INFO -- : 0:  i18n (0.6.4) from /home/joel/.rvm/gems/ruby-2.0.0-p353@erp/specifications/i18n-0.6.4.gemspec
I, [2014-06-04T12:09:11.026571 #4700]  INFO -- : 0:  minitest (4.7.5) from /home/joel/.rvm/gems/ruby-2.0.0-p353@erp/specifications/minitest-4.7.5.gemspec
I, [2014-06-04T12:09:12.835938 #4700]  INFO -- : 0:  multi_json (1.7.8) from /home/joel/.rvm/gems/ruby-2.0.0-p353@erp/specifications/multi_json-1.7.8.gemspec
I, [2014-06-04T12:09:17.867982 #4700]  INFO -- : 0:  atomic (1.1.12) from /home/joel/.rvm/gems/ruby-2.0.0-p353@erp/specifications/atomic-1.1.12.gemspec
I, [2014-06-04T12:09:20.221563 #4700]  INFO -- : 0:  thread_safe (0.1.2) from /home/joel/.rvm/gems/ruby-2.0.0-p353@erp/specifications/thread_safe-0.1.2.gemspec
I, [2014-06-04T12:09:23.212338 #4700]  INFO -- : 0:  tzinfo (0.3.37) from /home/joel/.rvm/gems/ruby-2.0.0-p353@erp/specifications/tzinfo-0.3.37.gemspec
I, [2014-06-04T12:09:26.022236 #4700]  INFO -- : 0:  activesupport (4.0.0) from /home/joel/.rvm/gems/ruby-2.0.0-p353@erp/specifications/activesupport-4.0.0.gemspec
I, [2014-06-04T12:09:27.776143 #4700]  INFO -- : 0:  builder (3.1.4) from /home/joel/.rvm/gems/ruby-2.0.0-p353@erp/specifications/builder-3.1.4.gemspec
I, [2014-06-04T12:09:30.331089 #4700]  INFO -- : 0:  erubis (2.7.0) from /home/joel/.rvm/gems/ruby-2.0.0-p353@erp/specifications/erubis-2.7.0.gemspec
I, [2014-06-04T12:09:32.943778 #4700]  INFO -- : 0:  rack (1.5.2) from /home/joel/.rvm/gems/ruby-2.0.0-p353@erp/specifications/rack-1.5.2.gemspec
I, [2014-06-04T12:09:34.698299 #4700]  INFO -- : 0:  rack-test (0.6.2) from /home/joel/.rvm/gems/ruby-2.0.0-p353@erp/specifications/rack-test-0.6.2.gemspec
I, [2014-06-04T12:09:37.654045 #4700]  INFO -- : 0:  actionpack (4.0.0) from /home/joel/.rvm/gems/ruby-2.0.0-p353@erp/specifications/actionpack-4.0.0.gemspec
I, [2014-06-04T12:09:39.630205 #4700]  INFO -- : 0:  mime-types (1.23) from /home/joel/.rvm/gems/ruby-2.0.0-p353@erp/specifications/mime-types-1.23.gemspec
I, [2014-06-04T12:09:41.187153 #4700]  INFO -- : 0:  polyglot (0.3.3) from /home/joel/.rvm/gems/ruby-2.0.0-p353@erp/specifications/polyglot-0.3.3.gemspec
I, [2014-06-04T12:09:43.852692 #4700]  INFO -- : 0:  treetop (1.4.14) from /home/joel/.rvm/gems/ruby-2.0.0-p353@erp/specifications/treetop-1.4.14.gemspec
I, [2014-06-04T12:09:46.728757 #4700]  INFO -- : 0:  mail (2.5.4) from /home/joel/.rvm/gems/ruby-2.0.0-p353@erp/specifications/mail-2.5.4.gemspec
I, [2014-06-04T12:09:48.405483 #4700]  INFO -- : 0:  actionmailer (4.0.0) from /home/joel/.rvm/gems/ruby-2.0.0-p353@erp/specifications/actionmailer-4.0.0.gemspec
I, [2014-06-04T12:09:49.950786 #4700]  INFO -- : 0:  actionpack-action_caching (1.1.1) from /home/joel/.rvm/gems/ruby-2.0.0-p353@erp/specifications/actionpack-action_caching-1.1.1.gemspec
I, [2014-06-04T12:09:51.860146 #4700]  INFO -- : 0:  activemodel (4.0.0) from /home/joel/.rvm/gems/ruby-2.0.0-p353@erp/specifications/activemodel-4.0.0.gemspec
I, [2014-06-04T12:09:53.537214 #4700]  INFO -- : 0:  activerecord-deprecated_finders (1.0.3) from /home/joel/.rvm/gems/ruby-2.0.0-p353@erp/specifications/activerecord-deprecated_finders-1.0.3.gemspec
I, [2014-06-04T12:09:55.857276 #4700]  INFO -- : 0:  arel (4.0.0) from /home/joel/.rvm/gems/ruby-2.0.0-p353@erp/specifications/arel-4.0.0.gemspec
I, [2014-06-04T12:09:58.639153 #4700]  INFO -- : 0:  activerecord (4.0.0) from /home/joel/.rvm/gems/ruby-2.0.0-p353@erp/specifications/activerecord-4.0.0.gemspec
I, [2014-06-04T12:10:00.383462 #4700]  INFO -- : 0:  activerecord-import (0.4.1) from /home/joel/.rvm/gems/ruby-2.0.0-p353@erp/specifications/activerecord-import-0.4.1.gemspec
I, [2014-06-04T12:10:02.070655 #4700]  INFO -- : 0:  afm (0.2.0) from /home/joel/.rvm/gems/ruby-2.0.0-p353@erp/specifications/afm-0.2.0.gemspec
I, [2014-06-04T12:10:04.303261 #4700]  INFO -- : 0:  gyoku (1.1.0) from /home/joel/.rvm/gems/ruby-2.0.0-p353@erp/specifications/gyoku-1.1.0.gemspec
I, [2014-06-04T12:10:18.441564 #4700]  INFO -- : 0:  nokogiri (1.5.10) from /home/joel/.rvm/gems/ruby-2.0.0-p353@erp/specifications/nokogiri-1.5.10.gemspec
I, [2014-06-04T12:10:20.017553 #4700]  INFO -- : 0:  akami (1.2.0) from /home/joel/.rvm/gems/ruby-2.0.0-p353@erp/specifications/akami-1.2.0.gemspec
I, [2014-06-04T12:10:24.191687 #4700]  INFO -- : 0:  bcrypt-ruby (3.1.1) from /home/joel/.rvm/gems/ruby-2.0.0-p353@erp/specifications/bcrypt-ruby-3.1.1.gemspec
I, [2014-06-04T12:10:24.192541 #4700]  INFO -- : 0:  bundler (1.5.1) from /home/joel/.rvm/gems/ruby-2.0.0-p353@global/specifications/bundler-1.5.1.gemspec
I, [2014-06-04T12:10:25.790328 #4700]  INFO -- : 0:  climate_control (0.0.3) from /home/joel/.rvm/gems/ruby-2.0.0-p353@erp/specifications/climate_control-0.0.3.gemspec
I, [2014-06-04T12:10:27.944569 #4700]  INFO -- : 0:  cocaine (0.5.3) from /home/joel/.rvm/gems/ruby-2.0.0-p353@erp/specifications/cocaine-0.5.3.gemspec
I, [2014-06-04T12:10:29.931243 #4700]  INFO -- : 0:  coffee-script-source (1.6.3) from /home/joel/.rvm/gems/ruby-2.0.0-p353@erp/specifications/coffee-script-source-1.6.3.gemspec
I, [2014-06-04T12:10:31.740520 #4700]  INFO -- : 0:  execjs (1.4.0) from /home/joel/.rvm/gems/ruby-2.0.0-p353@erp/specifications/execjs-1.4.0.gemspec
I, [2014-06-04T12:10:33.287015 #4700]  INFO -- : 0:  coffee-script (2.2.0) from /home/joel/.rvm/gems/ruby-2.0.0-p353@erp/specifications/coffee-script-2.2.0.gemspec
I, [2014-06-04T12:10:35.429961 #4700]  INFO -- : 0:  thor (0.18.1) from /home/joel/.rvm/gems/ruby-2.0.0-p353@erp/specifications/thor-0.18.1.gemspec
I, [2014-06-04T12:10:37.937369 #4700]  INFO -- : 0:  railties (4.0.0) from /home/joel/.rvm/gems/ruby-2.0.0-p353@erp/specifications/railties-4.0.0.gemspec
I, [2014-06-04T12:10:39.536502 #4700]  INFO -- : 0:  coffee-rails (4.0.0) from /home/joel/.rvm/gems/ruby-2.0.0-p353@erp/specifications/coffee-rails-4.0.0.gemspec
I, [2014-06-04T12:10:41.180746 #4700]  INFO -- : 0:  commonjs (0.2.6) from /home/joel/.rvm/gems/ruby-2.0.0-p353@erp/specifications/commonjs-0.2.6.gemspec
I, [2014-06-04T12:10:43.289660 #4700]  INFO -- : 0:  daemons (1.1.9) from /home/joel/.rvm/gems/ruby-2.0.0-p353@erp/specifications/daemons-1.1.9.gemspec
I, [2014-06-04T12:10:45.309714 #4700]  INFO -- : 0:  deprecated (2.0.1) from /home/joel/.rvm/gems/ruby-2.0.0-p353@erp/specifications/deprecated-2.0.1.gemspec
I, [2014-06-04T12:10:47.510139 #4700]  INFO -- : 0:  dbi (0.4.5) from /home/joel/.rvm/gems/ruby-2.0.0-p353@erp/specifications/dbi-0.4.5.gemspec
I, [2014-06-04T12:10:49.586122 #4700]  INFO -- : 0:  dbd-odbc (0.2.5) from /home/joel/.rvm/gems/ruby-2.0.0-p353@erp/specifications/dbd-odbc-0.2.5.gemspec
I, [2014-06-04T12:10:51.329042 #4700]  INFO -- : 0:  orm_adapter (0.4.0) from /home/joel/.rvm/gems/ruby-2.0.0-p353@erp/specifications/orm_adapter-0.4.0.gemspec
I, [2014-06-04T12:10:53.172988 #4700]  INFO -- : 0:  warden (1.2.3) from /home/joel/.rvm/gems/ruby-2.0.0-p353@erp/specifications/warden-1.2.3.gemspec
I, [2014-06-04T12:10:56.098468 #4700]  INFO -- : 0:  devise (3.0.0.rc) from /home/joel/.rvm/gems/ruby-2.0.0-p353@erp/specifications/devise-3.0.0.rc.gemspec
I, [2014-06-04T12:11:09.312397 #4700]  INFO -- : 0:  eventmachine (1.0.3) from /home/joel/.rvm/gems/ruby-2.0.0-p353@erp/specifications/eventmachine-1.0.3.gemspec
I, [2014-06-04T12:11:11.277111 #4700]  INFO -- : 0:  tilt (1.4.1) from /home/joel/.rvm/gems/ruby-2.0.0-p353@erp/specifications/tilt-1.4.1.gemspec
I, [2014-06-04T12:11:14.065751 #4700]  INFO -- : 0:  haml (4.0.3) from /home/joel/.rvm/gems/ruby-2.0.0-p353@erp/specifications/haml-4.0.3.gemspec
I, [2014-06-04T12:11:15.609295 #4700]  INFO -- : 0:  haml-rails (0.4) from /home/joel/.rvm/gems/ruby-2.0.0-p353@erp/specifications/haml-rails-0.4.gemspec
I, [2014-06-04T12:11:17.476384 #4700]  INFO -- : 0:  hashery (2.1.1) from /home/joel/.rvm/gems/ruby-2.0.0-p353@erp/specifications/hashery-2.1.1.gemspec
I, [2014-06-04T12:11:19.053256 #4700]  INFO -- : 0:  hike (1.2.3) from /home/joel/.rvm/gems/ruby-2.0.0-p353@erp/specifications/hike-1.2.3.gemspec
I, [2014-06-04T12:11:21.419451 #4700]  INFO -- : 0:  httpclient (2.3.4.1) from /home/joel/.rvm/gems/ruby-2.0.0-p353@erp/specifications/httpclient-2.3.4.1.gemspec
I, [2014-06-04T12:11:23.528312 #4700]  INFO -- : 0:  rubyntlm (0.3.4) from /home/joel/.rvm/gems/ruby-2.0.0-p353@erp/specifications/rubyntlm-0.3.4.gemspec
I, [2014-06-04T12:11:25.504839 #4700]  INFO -- : 0:  httpi (2.1.0) from /home/joel/.rvm/gems/ruby-2.0.0-p353@erp/specifications/httpi-2.1.0.gemspec
I, [2014-06-04T12:11:27.737626 #4700]  INFO -- : 0:  jbuilder (1.5.0) from /home/joel/.rvm/gems/ruby-2.0.0-p353@erp/specifications/jbuilder-1.5.0.gemspec
I, [2014-06-04T12:11:30.103472 #4700]  INFO -- : 0:  jquery-rails (3.0.4) from /home/joel/.rvm/gems/ruby-2.0.0-p353@erp/specifications/jquery-rails-3.0.4.gemspec
I, [2014-06-04T12:11:30.173577 #4700]  INFO -- : 0:  jquery-ui-rails (4.0.5) from vendor/plugins/jquery-ui-rails-4.0.5/jquery-ui-rails.gemspec
I, [2014-06-04T12:11:32.346035 #4700]  INFO -- : 0:  jquery-validation-rails (1.11.1) from /home/joel/.rvm/gems/ruby-2.0.0-p353@erp/specifications/jquery-validation-rails-1.11.1.gemspec
I, [2014-06-04T12:11:36.044504 #4700]  INFO -- : 0:  json (1.8.0) from /home/joel/.rvm/gems/ruby-2.0.0-p353@erp/specifications/json-1.8.0.gemspec
I, [2014-06-04T12:11:45.702089 #4700]  INFO -- : 0:  kgio (2.8.0) from /home/joel/.rvm/gems/ruby-2.0.0-p353@erp/specifications/kgio-2.8.0.gemspec
I, [2014-06-04T12:11:49.224227 #4700]  INFO -- : 0:  less (2.3.2) from /home/joel/.rvm/gems/ruby-2.0.0-p353@erp/specifications/less-2.3.2.gemspec
I, [2014-06-04T12:11:51.058663 #4700]  INFO -- : 0:  less-rails (2.3.3) from /home/joel/.rvm/gems/ruby-2.0.0-p353@erp/specifications/less-rails-2.3.3.gemspec
I, [2014-06-04T12:11:57.242282 #4700]  INFO -- : 0:  libv8 (3.11.8.17) from /home/joel/.rvm/gems/ruby-2.0.0-p353@erp/specifications/libv8-3.11.8.17-x86-linux.gemspec
I, [2014-06-04T12:12:02.049650 #4700]  INFO -- : 0:  mysql2 (0.3.13) from /home/joel/.rvm/gems/ruby-2.0.0-p353@erp/specifications/mysql2-0.3.13.gemspec
I, [2014-06-04T12:12:04.182803 #4700]  INFO -- : 0:  nori (2.3.0) from /home/joel/.rvm/gems/ruby-2.0.0-p353@erp/specifications/nori-2.3.0.gemspec
I, [2014-06-04T12:12:07.169759 #4700]  INFO -- : 0:  paperclip (3.5.2) from /home/joel/.rvm/gems/ruby-2.0.0-p353@erp/specifications/paperclip-3.5.2.gemspec
I, [2014-06-04T12:12:08.701432 #4700]  INFO -- : 0:  ruby-rc4 (0.1.5) from /home/joel/.rvm/gems/ruby-2.0.0-p353@erp/specifications/ruby-rc4-0.1.5.gemspec
I, [2014-06-04T12:12:11.687155 #4700]  INFO -- : 0:  ttfunk (1.0.3) from /home/joel/.rvm/gems/ruby-2.0.0-p353@erp/specifications/ttfunk-1.0.3.gemspec
I, [2014-06-04T12:12:14.318123 #4700]  INFO -- : 0:  pdf-reader (1.3.3) from /home/joel/.rvm/gems/ruby-2.0.0-p353@erp/specifications/pdf-reader-1.3.3.gemspec
I, [2014-06-04T12:12:21.001191 #4700]  INFO -- : 0:  prawn (0.12.0) from /home/joel/.rvm/gems/ruby-2.0.0-p353@erp/specifications/prawn-0.12.0.gemspec
I, [2014-06-04T12:12:22.844125 #4700]  INFO -- : 0:  sprockets (2.10.0) from /home/joel/.rvm/gems/ruby-2.0.0-p353@erp/specifications/sprockets-2.10.0.gemspec
I, [2014-06-04T12:12:25.264108 #4700]  INFO -- : 0:  sprockets-rails (2.0.0) from /home/joel/.rvm/gems/ruby-2.0.0-p353@erp/specifications/sprockets-rails-2.0.0.gemspec
I, [2014-06-04T12:12:30.370133 #4700]  INFO -- : 0:  rails (4.0.0) from /home/joel/.rvm/gems/ruby-2.0.0-p353@erp/specifications/rails-4.0.0.gemspec
I, [2014-06-04T12:12:33.008187 #4700]  INFO -- : 0:  prawnto_2 (0.2.6) from /home/joel/.rvm/gems/ruby-2.0.0-p353@erp/specifications/prawnto_2-0.2.6.gemspec
I, [2014-06-04T12:12:34.795594 #4700]  INFO -- : 0:  quiet_assets (1.0.2) from /home/joel/.rvm/gems/ruby-2.0.0-p353@erp/specifications/quiet_assets-1.0.2.gemspec
I, [2014-06-04T12:12:40.923445 #4700]  INFO -- : 0:  raindrops (0.11.0) from /home/joel/.rvm/gems/ruby-2.0.0-p353@erp/specifications/raindrops-0.11.0.gemspec
I, [2014-06-04T12:12:43.999070 #4700]  INFO -- : 0:  raphael-rails (2.1.2) from /home/joel/.rvm/gems/ruby-2.0.0-p353@erp/specifications/raphael-rails-2.1.2.gemspec
I, [2014-06-04T12:12:46.953200 #4700]  INFO -- : 0:  rdoc (3.12.2) from /home/joel/.rvm/gems/ruby-2.0.0-p353@erp/specifications/rdoc-3.12.2.gemspec
I, [2014-06-04T12:12:53.211394 #4700]  INFO -- : 0:  ref (1.0.5) from /home/joel/.rvm/gems/ruby-2.0.0-p353@erp/specifications/ref-1.0.5.gemspec
I, [2014-06-04T12:12:57.784031 #4700]  INFO -- : 0:  rubyzip (1.1.0) from /home/joel/.rvm/gems/ruby-2.0.0-p353@erp/specifications/rubyzip-1.1.0.gemspec
I, [2014-06-04T12:12:59.814818 #4700]  INFO -- : 0:  ruby-ole (1.2.11.7) from /home/joel/.rvm/gems/ruby-2.0.0-p353@erp/specifications/ruby-ole-1.2.11.7.gemspec
I, [2014-06-04T12:13:02.593881 #4700]  INFO -- : 0:  spreadsheet (0.9.6) from /home/joel/.rvm/gems/ruby-2.0.0-p353@erp/specifications/spreadsheet-0.9.6.gemspec
I, [2014-06-04T12:13:07.999115 #4700]  INFO -- : 0:  roo (1.13.0) from /home/joel/.rvm/gems/ruby-2.0.0-p353@erp/specifications/roo-1.13.0.gemspec
I, [2014-06-04T12:13:11.224437 #4700]  INFO -- : 0:  sass (3.2.10) from /home/joel/.rvm/gems/ruby-2.0.0-p353@erp/specifications/sass-3.2.10.gemspec
I, [2014-06-04T12:13:14.020801 #4700]  INFO -- : 0:  sass-rails (4.0.0) from /home/joel/.rvm/gems/ruby-2.0.0-p353@erp/specifications/sass-rails-4.0.0.gemspec
I, [2014-06-04T12:13:17.340125 #4700]  INFO -- : 0:  wasabi (3.2.0) from /home/joel/.rvm/gems/ruby-2.0.0-p353@erp/specifications/wasabi-3.2.0.gemspec
I, [2014-06-04T12:13:20.162383 #4700]  INFO -- : 0:  savon (2.3.0) from /home/joel/.rvm/gems/ruby-2.0.0-p353@erp/specifications/savon-2.3.0.gemspec
I, [2014-06-04T12:13:22.892223 #4700]  INFO -- : 0:  sdoc (0.3.20) from /home/joel/.rvm/gems/ruby-2.0.0-p353@erp/specifications/sdoc-0.3.20.gemspec
I, [2014-06-04T12:13:27.233102 #4700]  INFO -- : 0:  simple_form (1.4.1) from /home/joel/.rvm/gems/ruby-2.0.0-p353@erp/specifications/simple_form-1.4.1.gemspec
I, [2014-06-04T12:13:36.291006 #4700]  INFO -- : 0:  soap4r (1.5.8) from /home/joel/.rvm/gems/ruby-2.0.0-p353@erp/specifications/soap4r-1.5.8.gemspec
I, [2014-06-04T12:13:39.467316 #4700]  INFO -- : 0:  state_machine (1.2.0) from /home/joel/.rvm/gems/ruby-2.0.0-p353@erp/specifications/state_machine-1.2.0.gemspec
I, [2014-06-04T12:13:53.172182 #4700]  INFO -- : 0:  therubyracer (0.11.4) from /home/joel/.rvm/gems/ruby-2.0.0-p353@erp/specifications/therubyracer-0.11.4.gemspec
I, [2014-06-04T12:13:56.526907 #4700]  INFO -- : 0:  thin (1.6.1) from /home/joel/.rvm/gems/ruby-2.0.0-p353@erp/specifications/thin-1.6.1.gemspec
I, [2014-06-04T12:13:58.380529 #4700]  INFO -- : 0:  turbolinks (1.3.0) from /home/joel/.rvm/gems/ruby-2.0.0-p353@erp/specifications/turbolinks-1.3.0.gemspec
I, [2014-06-04T12:13:58.435577 #4700]  INFO -- : 0:  twitter-bootstrap-rails (2.2.8) from vendor/plugins/twitter-bootstrap-rails-2.2.8/twitter-bootstrap-rails.gemspec
I, [2014-06-04T12:14:00.423027 #4700]  INFO -- : 0:  uglifier (2.1.2) from /home/joel/.rvm/gems/ruby-2.0.0-p353@erp/specifications/uglifier-2.1.2.gemspec
I, [2014-06-04T12:14:08.089786 #4700]  INFO -- : 0:  unicorn (4.6.3) from /home/joel/.rvm/gems/ruby-2.0.0-p353@erp/specifications/unicorn-4.6.3.gemspec
